---
recorded_at: 2026-03-03T19:14:34.865246674-08:00
command: cargo test --lib cli::commands::management::story::guidance::tests
---

running 11 tests
test cli::commands::management::story::guidance::tests::accept_action_omits_guidance ... ok
test cli::commands::management::story::guidance::tests::record_action_suggests_start_for_rejected_story ... ok
test cli::commands::management::story::guidance::tests::error_with_recovery_embeds_human_recovery_block ... ok
test cli::commands::management::story::guidance::tests::guidance_serializes_with_canonical_next_step_shape ... ok
test cli::commands::management::story::guidance::tests::recovery_accept_manual_maps_to_human_flag ... ok
test cli::commands::management::story::guidance::tests::reflect_action_suggests_accept_for_needs_human_verification ... ok
test cli::commands::management::story::guidance::tests::recovery_submit_missing_reflect_maps_to_reflect_command ... ok
test cli::commands::management::story::guidance::tests::start_action_suggests_submit_for_in_progress ... ok
test cli::commands::management::story::guidance::tests::render_human_formats_next_step_block ... ok
test cli::commands::management::story::guidance::tests::submit_action_omits_guidance_for_done_story ... ok
test cli::commands::management::story::guidance::tests::recovery_not_found_maps_to_story_list ... ok

test result: ok. 11 passed; 0 failed; 0 ignored; 0 measured; 993 filtered out; finished in 0.00s


--- stderr ---
    Finished `test` profile [unoptimized + debuginfo] target(s) in 0.06s
     Running unittests src/lib.rs (/home/alex/.cache/cargo-target/keel/debug/deps/keel-bec18a36668a42b8)
