---
recorded_at: 2026-03-05T16:23:55.964402679-08:00
command: cargo test -p keel epic_problem_scaffold_is_deterministic -- --nocapture
---

running 1 test
Created: epics/1vyIyxRce/
  Next: author epics/1vyIyxRce/PRD.md before decomposing voyages
  Optional: add epics/1vyIyxRce/PRESS_RELEASE.md only for large user-facing value shifts
Board updated
Created: epics/1vyIyxUaz/
  Next: author epics/1vyIyxUaz/PRD.md before decomposing voyages
  Optional: add epics/1vyIyxUaz/PRESS_RELEASE.md only for large user-facing value shifts
Board updated
test cli::commands::management::epic::new::tests::epic_problem_scaffold_is_deterministic ... ok

test result: ok. 1 passed; 0 failed; 0 ignored; 0 measured; 1177 filtered out; finished in 0.02s


running 0 tests

test result: ok. 0 passed; 0 failed; 0 ignored; 0 measured; 0 filtered out; finished in 0.00s


--- stderr ---
    Finished `test` profile [unoptimized + debuginfo] target(s) in 0.06s
     Running unittests src/lib.rs (/home/alex/.cache/cargo-target/keel/debug/deps/keel-bec18a36668a42b8)
     Running unittests src/main.rs (/home/alex/.cache/cargo-target/keel/debug/deps/keel-47d592d61f9cdeea)
